Mon Sep 17 09:46:35 CEST 2018
Status: OK - ../metadata/EPI/EPI_COMPLETE_V1_DHIS2.28/metadata.json
Status: OK - ../metadata/HIV/HIV_COMPLETE_V1_DHIS2.28/metadata.json
Status: OK - ../metadata/HIV/HIV_DASHBOARD_V1_DHIS2.28/metadata.json
Status: OK - ../metadata/MAL/MAL-BR_COMPLETE_V1_DHIS2.28/metadata.json
Status: OK - ../metadata/MAL/MAL-BR_DASHBOARD_V1_DHIS2.28/metadata.json
Status: OK - ../metadata/MAL/MAL-EL_COMPLETE_V1_DHIS2.28/metadata.json
Status: OK - ../metadata/MAL/MAL-EL_DASHBOARD_V1_DHIS2.28/metadata.json
Status: OK - ../metadata/TB/TB_COMPLETE_V1_DHIS2.28/metadata.json
Status: OK - ../metadata/TB/TB_DASHBOARD_V1_DHIS2.28/metadata.json

Mon Sep 17 10:00:00 CEST 2018
Status: OK - ../metadata/COD/COD-EVENT_TRACKER_V1_DHIS2.29/metadata.json
Status: OK - ../metadata/COD/COD-REG_TRACKER_V1_DHIS2.29/metadata.json
Status: WARNING - ../metadata/EPI/EPI_COMPLETE_V1_DHIS2.29/metadata.json
Status: WARNING - ../metadata/EPI/EPI_DASHBOARD_V1_DHIS2.29/metadata.json
Status: OK - ../metadata/HIV/HIV_COMPLETE_V1_DHIS2.29/metadata.json
Status: OK - ../metadata/HIV/HIV_DASHBOARD_V1_DHIS2.29/metadata.json
Status: OK - ../metadata/MAL/MAL-BR_COMPLETE_V1_DHIS2.29/metadata.json
Status: OK - ../metadata/MAL/MAL-BR_DASHBOARD_V1_DHIS2.29/metadata.json
Status: OK - ../metadata/MAL/MAL-EL_COMPLETE_V1_DHIS2.29/metadata.json
Status: OK - ../metadata/MAL/MAL-EL_DASHBOARD_V1_DHIS2.29/metadata.json
Status: OK - ../metadata/TB/TB_COMPLETE_V1_DHIS2.29/metadata.json
Status: OK - ../metadata/TB/TB_DASHBOARD_V1_DHIS2.29/metadata.json

Mon Sep 17 10:40:36 CEST 2018
Status: WARNING - ../metadata/EPI/EPI_COMPLETE_V1_DHIS2.30/metadata.json
Status: WARNING - ../metadata/EPI/EPI_DASHBOARD_V1_DHIS2.30/metadata.json
Status: OK - ../metadata/HIV/HIV_COMPLETE_V1_DHIS2.30/metadata.json
Status: OK - ../metadata/HIV/HIV_DASHBOARD_V1_DHIS2.30/metadata.json
Status: OK - ../metadata/MAL/MAL-BR_COMPLETE_V1_DHIS2.30/metadata.json
Status: OK - ../metadata/MAL/MAL-BR_DASHBOARD_V1_DHIS2.30/metadata.json
Status: OK - ../metadata/MAL/MAL-EL_COMPLETE_V1_DHIS2.30/metadata.json
Status: OK - ../metadata/MAL/MAL-EL_DASHBOARD_V1_DHIS2.30/metadata.json
Status: OK - ../metadata/TB/TB_COMPLETE_V1_DHIS2.30/metadata.json
Status: OK - ../metadata/TB/TB_DASHBOARD_V1_DHIS2.30/metadata.json

Thu Sep 20 11:55:29 CEST 2018
Status: OK - ../metadata/COD/COD-EVENT_TRACKER_V1_DHIS2.29/metadata.json
Status: OK - ../metadata/COD/COD-REG_TRACKER_V1_DHIS2.29/metadata.json
Status: OK - ../metadata/EPI/EPI_COMPLETE_V1_DHIS2.28/metadata.json
Status: OK - ../metadata/EPI/EPI_COMPLETE_V1_DHIS2.29/metadata.json
Status: OK - ../metadata/EPI/EPI_COMPLETE_V1_DHIS2.30/metadata.json
Status: OK - ../metadata/EPI/EPI_DASHBOARD_V1_DHIS2.28/metadata.json
Status: OK - ../metadata/EPI/EPI_DASHBOARD_V1_DHIS2.29/metadata.json
Status: OK - ../metadata/EPI/EPI_DASHBOARD_V1_DHIS2.30/metadata.json
Status: OK - ../metadata/HIV/HIV_COMPLETE_V1_DHIS2.28/metadata.json
Status: OK - ../metadata/HIV/HIV_COMPLETE_V1_DHIS2.29/metadata.json
Status: OK - ../metadata/HIV/HIV_COMPLETE_V1_DHIS2.30/metadata.json
Status: OK - ../metadata/HIV/HIV_DASHBOARD_V1_DHIS2.28/metadata.json
Status: OK - ../metadata/HIV/HIV_DASHBOARD_V1_DHIS2.29/metadata.json
Status: OK - ../metadata/HIV/HIV_DASHBOARD_V1_DHIS2.30/metadata.json
Status: OK - ../metadata/MAL/MAL-BR_COMPLETE_V1_DHIS2.28/metadata.json
Status: OK - ../metadata/MAL/MAL-BR_COMPLETE_V1_DHIS2.29/metadata.json
Status: OK - ../metadata/MAL/MAL-BR_COMPLETE_V1_DHIS2.30/metadata.json
Status: OK - ../metadata/MAL/MAL-BR_DASHBOARD_V1_DHIS2.28/metadata.json
Status: OK - ../metadata/MAL/MAL-BR_DASHBOARD_V1_DHIS2.29/metadata.json
Status: OK - ../metadata/MAL/MAL-BR_DASHBOARD_V1_DHIS2.30/metadata.json
Status: OK - ../metadata/MAL/MAL-EL_COMPLETE_V1_DHIS2.28/metadata.json
Status: OK - ../metadata/MAL/MAL-EL_COMPLETE_V1_DHIS2.29/metadata.json
Status: OK - ../metadata/MAL/MAL-EL_COMPLETE_V1_DHIS2.30/metadata.json
Status: OK - ../metadata/MAL/MAL-EL_DASHBOARD_V1_DHIS2.28/metadata.json
Status: OK - ../metadata/MAL/MAL-EL_DASHBOARD_V1_DHIS2.29/metadata.json
Status: OK - ../metadata/MAL/MAL-EL_DASHBOARD_V1_DHIS2.30/metadata.json
Status: OK - ../metadata/TB/TB_COMPLETE_V1_DHIS2.28/metadata.json
Status: OK - ../metadata/TB/TB_COMPLETE_V1_DHIS2.29/metadata.json
Status: OK - ../metadata/TB/TB_COMPLETE_V1_DHIS2.30/metadata.json
Status: OK - ../metadata/TB/TB_DASHBOARD_V1_DHIS2.28/metadata.json
Status: OK - ../metadata/TB/TB_DASHBOARD_V1_DHIS2.29/metadata.json
Status: OK - ../metadata/TB/TB_DASHBOARD_V1_DHIS2.30/metadata.json

Wed Sep 26 11:59:05 CEST 2018
Status: OK - ../metadata/COD/COD-EVENT_TRACKER_V1_DHIS2.29/metadata.json
Status: OK - ../metadata/COD/COD-REG_TRACKER_V1_DHIS2.29/metadata.json
Status: OK - ../metadata/EPI/EPI_COMPLETE_V0_DHIS2.28/metadata.json
Status: OK - ../metadata/EPI/EPI_COMPLETE_V0_DHIS2.29/metadata.json
Status: OK - ../metadata/EPI/EPI_COMPLETE_V0_DHIS2.30/metadata.json
Status: OK - ../metadata/EPI/EPI_DASHBOARD_V0_DHIS2.28/metadata.json
Status: OK - ../metadata/EPI/EPI_DASHBOARD_V0_DHIS2.29/metadata.json
Status: OK - ../metadata/EPI/EPI_DASHBOARD_V0_DHIS2.30/metadata.json
Status: OK - ../metadata/HIV/HIV_COMPLETE_V1_DHIS2.28/metadata.json
Status: OK - ../metadata/HIV/HIV_COMPLETE_V1_DHIS2.29/metadata.json
Status: OK - ../metadata/HIV/HIV_COMPLETE_V1_DHIS2.30/metadata.json
Status: OK - ../metadata/HIV/HIV_DASHBOARD_V1_DHIS2.28/metadata.json
Status: OK - ../metadata/HIV/HIV_DASHBOARD_V1_DHIS2.29/metadata.json
Status: OK - ../metadata/HIV/HIV_DASHBOARD_V1_DHIS2.30/metadata.json
Status: OK - ../metadata/MAL/MAL-BR_COMPLETE_V1_DHIS2.28/metadata.json
Status: OK - ../metadata/MAL/MAL-BR_COMPLETE_V1_DHIS2.29/metadata.json
Status: OK - ../metadata/MAL/MAL-BR_COMPLETE_V1_DHIS2.30/metadata.json
Status: OK - ../metadata/MAL/MAL-BR_DASHBOARD_V1_DHIS2.28/metadata.json
Status: OK - ../metadata/MAL/MAL-BR_DASHBOARD_V1_DHIS2.29/metadata.json
Status: OK - ../metadata/MAL/MAL-BR_DASHBOARD_V1_DHIS2.30/metadata.json
Status: OK - ../metadata/MAL/MAL-EL_COMPLETE_V1_DHIS2.28/metadata.json
Status: OK - ../metadata/MAL/MAL-EL_COMPLETE_V1_DHIS2.29/metadata.json
Status: OK - ../metadata/MAL/MAL-EL_COMPLETE_V1_DHIS2.30/metadata.json
Status: OK - ../metadata/MAL/MAL-EL_DASHBOARD_V1_DHIS2.28/metadata.json
Status: OK - ../metadata/MAL/MAL-EL_DASHBOARD_V1_DHIS2.29/metadata.json
Status: OK - ../metadata/MAL/MAL-EL_DASHBOARD_V1_DHIS2.30/metadata.json
Status: ERROR - ../metadata/MAL/MAL-MMG_CUSTOM_V1_DHIS2.28/metadata.json
Status: ERROR - ../metadata/MAL/MAL-MMG_CUSTOM_V1_DHIS2.29/metadata.json
Status: ERROR - ../metadata/MAL/MAL-MMG_CUSTOM_V1_DHIS2.30/metadata.json
Status: OK - ../metadata/TB/TB_COMPLETE_V1_DHIS2.28/metadata.json
Status: OK - ../metadata/TB/TB_COMPLETE_V1_DHIS2.29/metadata.json
Status: OK - ../metadata/TB/TB_COMPLETE_V1_DHIS2.30/metadata.json
Status: OK - ../metadata/TB/TB_DASHBOARD_V1_DHIS2.28/metadata.json
Status: OK - ../metadata/TB/TB_DASHBOARD_V1_DHIS2.29/metadata.json
Status: OK - ../metadata/TB/TB_DASHBOARD_V1_DHIS2.30/metadata.json


Fri Jan 4 12:12:00 CET 2019
Status: OK - ../metadata/COD/COD-EVENT_TRACKER_V1_DHIS2.29/metadata.json
Status: OK - ../metadata/COD/COD-REG_TRACKER_V1_DHIS2.29/metadata.json
Status: OK - ../metadata/EPI/EPI_COMPLETE_V0_DHIS2.28/metadata.json
Status: OK - ../metadata/EPI/EPI_COMPLETE_V0_DHIS2.29/metadata.json
Status:  - ../metadata/EPI/EPI_COMPLETE_V0_DHIS2.30/metadata.json
Status: OK - ../metadata/EPI/EPI_DASHBOARD_V0_DHIS2.28/metadata.json

Fri Jan 4 12:39:19 CET 2019
Status: OK - ../metadata/TB/TB_COMPLETE_V1_DHIS2.28/metadata.json
Status: OK - ../metadata/TB/TB_COMPLETE_V1_DHIS2.29/metadata.json
Status:  - ../metadata/TB/TB_COMPLETE_V1_DHIS2.30/metadata.json
Status: OK - ../metadata/TB/TB_DASHBOARD_V1_DHIS2.28/metadata.json
Status: OK - ../metadata/TB/TB_DASHBOARD_V1_DHIS2.29/metadata.json
Status:  - ../metadata/TB/TB_DASHBOARD_V1_DHIS2.30/metadata.json
Status: OK - ../metadata/TB/TB_COMPLETE_V1_DHIS2.30/metadata.json
Status: OK - ../metadata/TB/TB_DASHBOARD_V1_DHIS2.30/metadata.json

Fri Jan 4 22:37:08 CET 2019
Status: OK - ../metadata/TB/TB_COMPLETE_V1_DHIS2.30/metadata.json
Status: OK - ../metadata/TB/TB_DASHBOARD_V1_DHIS2.30/metadata.json

Sat Jan 5 21:37:30 CET 2019

Sat Jan 5 21:38:17 CET 2019
Status:  - ../metadata/TB/TB_COMPLETE_V1_DHIS2.28/metadata.json

Sat Jan 5 21:38:54 CET 2019
Status: OK - ../metadata/TB/TB_COMPLETE_V1_DHIS2.28/metadata.json
Status: OK - ../metadata/TB/TB_COMPLETE_V1_DHIS2.29/metadata.json
Status: OK - ../metadata/TB/TB_COMPLETE_V1_DHIS2.30/metadata.json
Status: OK - ../metadata/TB/TB_DASHBOARD_V1_DHIS2.28/metadata.json
Status: OK - ../metadata/TB/TB_DASHBOARD_V1_DHIS2.29/metadata.json
Status: OK - ../metadata/TB/TB_DASHBOARD_V1_DHIS2.30/metadata.json

Thu Feb 7 21:04:35 CET 2019

Thu Feb 7 21:04:45 CET 2019
Status: OK - ../metadata/COD/COD-EVENT_TRACKER_V1_DHIS2.30/metadata.json
Status: OK - ../metadata/COD/COD-REG_TRACKER_V1_DHIS2.30/metadata.json

Thu Feb 7 21:22:40 CET 2019
Status: OK - ../metadata/COD/COD-EVENT_TRACKER_V1_DHIS2.30/metadata.json
Status: OK - ../metadata/COD/COD-REG_TRACKER_V1_DHIS2.30/metadata.json
